<?xml version="1.0" encoding="UTF-8"?>
<testng-results skipped="0" failed="0" total="3" passed="3">
  <reporter-output>
  </reporter-output>
  <suite name="testSuite" duration-ms="43" started-at="2016-12-03T21:34:05Z" finished-at="2016-12-03T21:34:05Z">
    <groups>
    </groups>
    <test name="testRun" duration-ms="43" started-at="2016-12-03T21:34:05Z" finished-at="2016-12-03T21:34:05Z">
      <class name="MathTests.AdditionTests">
        <test-method status="PASS" signature="addTwonumber()[pri:0, instance:MathTests.AdditionTests@3534aa]" name="addTwonumber" duration-ms="1" started-at="2016-12-04T03:04:05Z" finished-at="2016-12-04T03:04:05Z">
          <reporter-output>
          </reporter-output>
        </test-method> <!-- addTwonumber -->
      </class> <!-- MathTests.AdditionTests -->
      <class name="Tests.TestClass">
        <test-method status="PASS" signature="test1()[pri:0, instance:Tests.TestClass@1f205aa]" name="test1" duration-ms="18" started-at="2016-12-04T03:04:05Z" finished-at="2016-12-04T03:04:05Z">
          <reporter-output>
          </reporter-output>
        </test-method> <!-- test1 -->
        <test-method status="PASS" signature="test2()[pri:0, instance:Tests.TestClass@1f205aa]" name="test2" duration-ms="1" started-at="2016-12-04T03:04:05Z" finished-at="2016-12-04T03:04:05Z">
          <reporter-output>
          </reporter-output>
        </test-method> <!-- test2 -->
      </class> <!-- Tests.TestClass -->
    </test> <!-- testRun -->
  </suite> <!-- testSuite -->
</testng-results>
